<?xml version="1.0" encoding="UTF-8"?>
<testsuite name="SwingDemoTest" tests="1" skipped="0" failures="0" errors="0" timestamp="2020-01-13T13:43:22" hostname="Himeron-ПК" time="0.001">
  <properties/>
  <testcase name="testSomeLibraryMethod" classname="SwingDemoTest" time="0.001"/>
  <system-out><![CDATA[]]></system-out>
  <system-err><![CDATA[]]></system-err>
</testsuite>
